[rospy.client][INFO] 2018-10-16 06:16:57,294: init_node, name[/simple_drive], pid[5010]
[xmlrpc][INFO] 2018-10-16 06:16:57,298: XML-RPC server binding to 0.0.0.0:0
[xmlrpc][INFO] 2018-10-16 06:16:57,300: Started XML-RPC server [http://ubuntu:44481/]
[rospy.init][INFO] 2018-10-16 06:16:57,300: ROS Slave URI: [http://ubuntu:44481/]
[rospy.impl.masterslave][INFO] 2018-10-16 06:16:57,301: _ready: http://ubuntu:44481/
[rospy.registration][INFO] 2018-10-16 06:16:57,304: Registering with master node http://ubuntu:11311
[xmlrpc][INFO] 2018-10-16 06:16:57,305: xml rpc node: starting XML-RPC server
[rospy.init][INFO] 2018-10-16 06:16:57,402: registered with master
[rospy.rosout][INFO] 2018-10-16 06:16:57,403: initializing /rosout core topic
[rospy.rosout][INFO] 2018-10-16 06:16:57,411: connected to core topic /rosout
[rospy.simtime][INFO] 2018-10-16 06:16:57,418: /use_sim_time is not set, will not subscribe to simulated time [/clock] topic
[rosout][INFO] 2018-10-16 06:16:57,487: 
dt:     0.000118970870972
Lstep:  0
Rstep:  0
x:      0.0
y:      0.0
th:     0.0
status: State.INIT
linear: 
  x: 0.0
  y: 0.0
  z: 0.0
angular: 
  x: 0.0
  y: 0.0
  z: 0.0
[rospy.internal][INFO] 2018-10-16 06:16:57,527: topic[/lightsensors] adding connection to [http://ubuntu:41486/], count 0
[rospy.internal][INFO] 2018-10-16 06:16:57,529: topic[/switchs] adding connection to [http://ubuntu:34242/], count 0
[rospy.internal][INFO] 2018-10-16 06:16:57,574: topic[/cmd_vel] adding connection to [/motors], count 0
[rosout][INFO] 2018-10-16 06:16:57,587: 
dt:     0.10009598732
Lstep:  0
Rstep:  0
x:      0.0
y:      0.0
th:     0.0
status: State.INIT
linear: 
  x: 0.0
  y: 0.0
  z: 0.0
angular: 
  x: 0.0
  y: 0.0
  z: 0.0
[rospy.internal][INFO] 2018-10-16 06:16:57,656: topic[/rosout] adding connection to [/rosout], count 0
[rosout][INFO] 2018-10-16 06:16:57,687: 
dt:     0.100013971329
Lstep:  0
Rstep:  0
x:      0.0
y:      0.0
th:     0.0
status: State.INIT
linear: 
  x: 0.0
  y: 0.0
  z: 0.0
angular: 
  x: 0.0
  y: 0.0
  z: 0.0
[rosout][INFO] 2018-10-16 06:16:57,788: 
dt:     0.100269079208
Lstep:  0
Rstep:  0
x:      0.0
y:      0.0
th:     0.0
status: State.INIT
linear: 
  x: 0.0
  y: 0.0
  z: 0.0
angular: 
  x: 0.0
  y: 0.0
  z: 0.0
[rosout][INFO] 2018-10-16 06:16:57,888: 
dt:     0.100089788437
Lstep:  0
Rstep:  0
x:      0.0
y:      0.0
th:     0.0
status: State.INIT
linear: 
  x: 0.0
  y: 0.0
  z: 0.0
angular: 
  x: 0.0
  y: 0.0
  z: 0.0
[rosout][INFO] 2018-10-16 06:16:57,988: 
dt:     0.0999541282654
Lstep:  0
Rstep:  0
x:      0.0
y:      0.0
th:     0.0
status: State.INIT
linear: 
  x: 0.0
  y: 0.0
  z: 0.0
angular: 
  x: 0.0
  y: 0.0
  z: 0.0
[rosout][INFO] 2018-10-16 06:16:58,088: 
dt:     0.0999948978424
Lstep:  0
Rstep:  0
x:      0.0
y:      0.0
th:     0.0
status: State.INIT
linear: 
  x: 0.0
  y: 0.0
  z: 0.0
angular: 
  x: 0.0
  y: 0.0
  z: 0.0
[rosout][INFO] 2018-10-16 06:16:58,188: 
dt:     0.100111961365
Lstep:  0
Rstep:  0
x:      0.0
y:      0.0
th:     0.0
status: State.INIT
linear: 
  x: 0.0
  y: 0.0
  z: 0.0
angular: 
  x: 0.0
  y: 0.0
  z: 0.0
[rosout][INFO] 2018-10-16 06:16:58,288: 
dt:     0.0999150276184
Lstep:  0
Rstep:  0
x:      0.0
y:      0.0
th:     0.0
status: State.INIT
linear: 
  x: 0.0
  y: 0.0
  z: 0.0
angular: 
  x: 0.0
  y: 0.0
  z: 0.0
[rosout][INFO] 2018-10-16 06:16:58,388: 
dt:     0.099956035614
Lstep:  0
Rstep:  0
x:      0.0
y:      0.0
th:     0.0
status: State.INIT
linear: 
  x: 0.0
  y: 0.0
  z: 0.0
angular: 
  x: 0.0
  y: 0.0
  z: 0.0
[rosout][INFO] 2018-10-16 06:16:58,488: 
dt:     0.100054979324
Lstep:  57
Rstep:  57
x:      0.0200109958649
y:      0.0
th:     0.0
status: State.LINEAR1
linear: 
  x: 0.2
  y: 0.0
  z: 0.0
angular: 
  x: 0.0
  y: 0.0
  z: 0.0
[rosout][INFO] 2018-10-16 06:16:58,588: 
dt:     0.1000020504
Lstep:  114
Rstep:  114
x:      0.0400114059448
y:      0.0
th:     0.0
status: State.LINEAR1
linear: 
  x: 0.2
  y: 0.0
  z: 0.0
angular: 
  x: 0.0
  y: 0.0
  z: 0.0
[rosout][INFO] 2018-10-16 06:16:58,688: 
dt:     0.0999591350555
Lstep:  171
Rstep:  171
x:      0.0600032329559
y:      0.0
th:     0.0
status: State.LINEAR1
linear: 
  x: 0.2
  y: 0.0
  z: 0.0
angular: 
  x: 0.0
  y: 0.0
  z: 0.0
[rosout][INFO] 2018-10-16 06:16:58,788: 
dt:     0.100084781647
Lstep:  228
Rstep:  228
x:      0.0800201892853
y:      0.0
th:     0.0
status: State.LINEAR1
linear: 
  x: 0.2
  y: 0.0
  z: 0.0
angular: 
  x: 0.0
  y: 0.0
  z: 0.0
[rosout][INFO] 2018-10-16 06:16:58,888: 
dt:     0.09996509552
Lstep:  285
Rstep:  285
x:      0.100013208389
y:      0.0
th:     0.0
status: State.LINEAR1
linear: 
  x: 0.2
  y: 0.0
  z: 0.0
angular: 
  x: 0.0
  y: 0.0
  z: 0.0
[rosout][INFO] 2018-10-16 06:16:58,988: 
dt:     0.0999960899353
Lstep:  342
Rstep:  342
x:      0.120012426376
y:      0.0
th:     0.0
status: State.LINEAR1
linear: 
  x: 0.2
  y: 0.0
  z: 0.0
angular: 
  x: 0.0
  y: 0.0
  z: 0.0
[rosout][INFO] 2018-10-16 06:16:59,088: 
dt:     0.100018024445
Lstep:  399
Rstep:  399
x:      0.140016031265
y:      0.0
th:     0.0
status: State.LINEAR1
linear: 
  x: 0.2
  y: 0.0
  z: 0.0
angular: 
  x: 0.0
  y: 0.0
  z: 0.0
[rosout][INFO] 2018-10-16 06:16:59,188: 
dt:     0.0999338626862
Lstep:  456
Rstep:  456
x:      0.160002803802
y:      0.0
th:     0.0
status: State.LINEAR1
linear: 
  x: 0.2
  y: 0.0
  z: 0.0
angular: 
  x: 0.0
  y: 0.0
  z: 0.0
[rosout][INFO] 2018-10-16 06:16:59,288: 
dt:     0.100040912628
Lstep:  513
Rstep:  513
x:      0.180010986328
y:      0.0
th:     0.0
status: State.LINEAR1
linear: 
  x: 0.2
  y: 0.0
  z: 0.0
angular: 
  x: 0.0
  y: 0.0
  z: 0.0
[rosout][INFO] 2018-10-16 06:16:59,388: 
dt:     0.10005903244
Lstep:  570
Rstep:  570
x:      0.200022792816
y:      0.0
th:     0.0
status: State.LINEAR1
linear: 
  x: 0.2
  y: 0.0
  z: 0.0
angular: 
  x: 0.0
  y: 0.0
  z: 0.0
[rosout][INFO] 2018-10-16 06:16:59,488: 
dt:     0.0999791622162
Lstep:  627
Rstep:  627
x:      0.220018625259
y:      0.0
th:     0.0
status: State.LINEAR1
linear: 
  x: 0.2
  y: 0.0
  z: 0.0
angular: 
  x: 0.0
  y: 0.0
  z: 0.0
[rosout][INFO] 2018-10-16 06:16:59,588: 
dt:     0.0999720096588
Lstep:  684
Rstep:  684
x:      0.240013027191
y:      0.0
th:     0.0
status: State.LINEAR1
linear: 
  x: 0.2
  y: 0.0
  z: 0.0
angular: 
  x: 0.0
  y: 0.0
  z: 0.0
[rosout][INFO] 2018-10-16 06:16:59,688: 
dt:     0.100021839142
Lstep:  741
Rstep:  741
x:      0.26001739502
y:      0.0
th:     0.0
status: State.LINEAR1
linear: 
  x: 0.2
  y: 0.0
  z: 0.0
angular: 
  x: 0.0
  y: 0.0
  z: 0.0
[rosout][INFO] 2018-10-16 06:16:59,788: 
dt:     0.099946975708
Lstep:  798
Rstep:  798
x:      0.280006790161
y:      0.0
th:     0.0
status: State.LINEAR1
linear: 
  x: 0.2
  y: 0.0
  z: 0.0
angular: 
  x: 0.0
  y: 0.0
  z: 0.0
[rosout][INFO] 2018-10-16 06:16:59,888: 
dt:     0.10005903244
Lstep:  855
Rstep:  855
x:      0.300018596649
y:      0.0
th:     0.0
status: State.LINEAR1
linear: 
  x: 0.2
  y: 0.0
  z: 0.0
angular: 
  x: 0.0
  y: 0.0
  z: 0.0
[rosout][INFO] 2018-10-16 06:16:59,988: 
dt:     0.100032091141
Lstep:  912
Rstep:  912
x:      0.320025014877
y:      0.0
th:     0.0
status: State.LINEAR1
linear: 
  x: 0.2
  y: 0.0
  z: 0.0
angular: 
  x: 0.0
  y: 0.0
  z: 0.0
[rosout][INFO] 2018-10-16 06:17:00,088: 
dt:     0.0999639034271
Lstep:  969
Rstep:  969
x:      0.340017795563
y:      0.0
th:     0.0
status: State.LINEAR1
linear: 
  x: 0.2
  y: 0.0
  z: 0.0
angular: 
  x: 0.0
  y: 0.0
  z: 0.0
[rosout][INFO] 2018-10-16 06:17:00,188: 
dt:     0.0999491214752
Lstep:  1026
Rstep:  1026
x:      0.360007619858
y:      0.0
th:     0.0
status: State.LINEAR1
linear: 
  x: 0.2
  y: 0.0
  z: 0.0
angular: 
  x: 0.0
  y: 0.0
  z: 0.0
[rosout][INFO] 2018-10-16 06:17:00,288: 
dt:     0.100066900253
Lstep:  1083
Rstep:  1083
x:      0.380020999908
y:      0.0
th:     0.0
status: State.LINEAR1
linear: 
  x: 0.2
  y: 0.0
  z: 0.0
angular: 
  x: 0.0
  y: 0.0
  z: 0.0
[rosout][INFO] 2018-10-16 06:17:00,388: 
dt:     0.10000705719
Lstep:  1140
Rstep:  1140
x:      0.400022411346
y:      0.0
th:     0.0
status: State.LINEAR1
linear: 
  x: 0.2
  y: 0.0
  z: 0.0
angular: 
  x: 0.0
  y: 0.0
  z: 0.0
[rosout][INFO] 2018-10-16 06:17:00,488: 
dt:     0.099977016449
Lstep:  1115
Rstep:  1165
x:      0.400022411346
y:      0.0
th:     0.199954032898
status: State.TURN1
linear: 
  x: 0.0
  y: 0.0
  z: 0.0
angular: 
  x: 0.0
  y: 0.0
  z: 2.0
[rosout][INFO] 2018-10-16 06:17:00,588: 
dt:     0.0999600887299
Lstep:  1090
Rstep:  1190
x:      0.400022411346
y:      0.0
th:     0.399874210358
status: State.TURN1
linear: 
  x: 0.0
  y: 0.0
  z: 0.0
angular: 
  x: 0.0
  y: 0.0
  z: 2.0
[rosout][INFO] 2018-10-16 06:17:00,688: 
dt:     0.100069999695
Lstep:  1065
Rstep:  1215
x:      0.400022411346
y:      0.0
th:     0.600014209747
status: State.TURN1
linear: 
  x: 0.0
  y: 0.0
  z: 0.0
angular: 
  x: 0.0
  y: 0.0
  z: 2.0
[rosout][INFO] 2018-10-16 06:17:00,788: 
dt:     0.0999808311462
Lstep:  1040
Rstep:  1240
x:      0.400022411346
y:      0.0
th:     0.79997587204
status: State.TURN1
linear: 
  x: 0.0
  y: 0.0
  z: 0.0
angular: 
  x: 0.0
  y: 0.0
  z: 2.0
[rosout][INFO] 2018-10-16 06:17:00,888: 
dt:     0.100039958954
Lstep:  1015
Rstep:  1265
x:      0.400022411346
y:      0.0
th:     1.00005578995
status: State.TURN1
linear: 
  x: 0.0
  y: 0.0
  z: 0.0
angular: 
  x: 0.0
  y: 0.0
  z: 2.0
[rosout][INFO] 2018-10-16 06:17:00,988: 
dt:     0.10001707077
Lstep:  990
Rstep:  1290
x:      0.400022411346
y:      0.0
th:     1.20008993149
status: State.TURN1
linear: 
  x: 0.0
  y: 0.0
  z: 0.0
angular: 
  x: 0.0
  y: 0.0
  z: 2.0
[rosout][INFO] 2018-10-16 06:17:01,088: 
dt:     0.0999369621277
Lstep:  965
Rstep:  1315
x:      0.400022411346
y:      0.0
th:     1.39996385574
status: State.TURN1
linear: 
  x: 0.0
  y: 0.0
  z: 0.0
angular: 
  x: 0.0
  y: 0.0
  z: 2.0
[rosout][INFO] 2018-10-16 06:17:01,188: 
dt:     0.100043058395
Lstep:  940
Rstep:  1340
x:      0.400022411346
y:      0.0
th:     1.60004997253
status: State.TURN1
linear: 
  x: 0.0
  y: 0.0
  z: 0.0
angular: 
  x: 0.0
  y: 0.0
  z: 2.0
[rosout][INFO] 2018-10-16 06:17:01,288: 
dt:     0.100003957748
Lstep:  997
Rstep:  1397
x:      0.399437398724
y:      0.0199922340634
th:     1.60004997253
status: State.LINEAR2
linear: 
  x: 0.2
  y: 0.0
  z: 0.0
angular: 
  x: 0.0
  y: 0.0
  z: 0.0
[rosout][INFO] 2018-10-16 06:17:01,388: 
dt:     0.0999970436096
Lstep:  1054
Rstep:  1454
x:      0.398852426549
y:      0.0399830858907
th:     1.60004997253
status: State.LINEAR2
linear: 
  x: 0.2
  y: 0.0
  z: 0.0
angular: 
  x: 0.0
  y: 0.0
  z: 0.0
[rosout][INFO] 2018-10-16 06:17:01,488: 
dt:     0.0999729633331
Lstep:  1111
Rstep:  1511
x:      0.398267595241
y:      0.0599691237233
th:     1.60004997253
status: State.LINEAR2
linear: 
  x: 0.2
  y: 0.0
  z: 0.0
angular: 
  x: 0.0
  y: 0.0
  z: 0.0
[rosout][INFO] 2018-10-16 06:17:01,588: 
dt:     0.099946975708
Lstep:  1168
Rstep:  1568
x:      0.397682915958
y:      0.0799499662546
th:     1.60004997253
status: State.LINEAR2
linear: 
  x: 0.2
  y: 0.0
  z: 0.0
angular: 
  x: 0.0
  y: 0.0
  z: 0.0
[rosout][INFO] 2018-10-16 06:17:01,688: 
dt:     0.100053071976
Lstep:  1225
Rstep:  1625
x:      0.397097616022
y:      0.0999520189607
th:     1.60004997253
status: State.LINEAR2
linear: 
  x: 0.2
  y: 0.0
  z: 0.0
angular: 
  x: 0.0
  y: 0.0
  z: 0.0
[rosout][INFO] 2018-10-16 06:17:01,788: 
dt:     0.100014925003
Lstep:  1282
Rstep:  1682
x:      0.396512539243
y:      0.119946445537
th:     1.60004997253
status: State.LINEAR2
linear: 
  x: 0.2
  y: 0.0
  z: 0.0
angular: 
  x: 0.0
  y: 0.0
  z: 0.0
[rosout][INFO] 2018-10-16 06:17:01,888: 
dt:     0.0999310016632
Lstep:  1339
Rstep:  1739
x:      0.395927953406
y:      0.139924094626
th:     1.60004997253
status: State.LINEAR2
linear: 
  x: 0.2
  y: 0.0
  z: 0.0
angular: 
  x: 0.0
  y: 0.0
  z: 0.0
[rosout][INFO] 2018-10-16 06:17:01,988: 
dt:     0.100028991699
Lstep:  1396
Rstep:  1796
x:      0.395342794338
y:      0.159921333337
th:     1.60004997253
status: State.LINEAR2
linear: 
  x: 0.2
  y: 0.0
  z: 0.0
angular: 
  x: 0.0
  y: 0.0
  z: 0.0
[rosout][INFO] 2018-10-16 06:17:02,088: 
dt:     0.100006103516
Lstep:  1453
Rstep:  1853
x:      0.394757769163
y:      0.17991399637
th:     1.60004997253
status: State.LINEAR2
linear: 
  x: 0.2
  y: 0.0
  z: 0.0
angular: 
  x: 0.0
  y: 0.0
  z: 0.0
[rosout][INFO] 2018-10-16 06:17:02,188: 
dt:     0.0999979972839
Lstep:  1510
Rstep:  1910
x:      0.394172791409
y:      0.199905038851
th:     1.60004997253
status: State.LINEAR2
linear: 
  x: 0.2
  y: 0.0
  z: 0.0
angular: 
  x: 0.0
  y: 0.0
  z: 0.0
[rosout][INFO] 2018-10-16 06:17:02,288: 
dt:     0.10002207756
Lstep:  1567
Rstep:  1967
x:      0.393587672788
y:      0.219900895326
th:     1.60004997253
status: State.LINEAR2
linear: 
  x: 0.2
  y: 0.0
  z: 0.0
angular: 
  x: 0.0
  y: 0.0
  z: 0.0
[rosout][INFO] 2018-10-16 06:17:02,388: 
dt:     0.099977016449
Lstep:  1624
Rstep:  2024
x:      0.393002817769
y:      0.239887743435
th:     1.60004997253
status: State.LINEAR2
linear: 
  x: 0.2
  y: 0.0
  z: 0.0
angular: 
  x: 0.0
  y: 0.0
  z: 0.0
[rosout][INFO] 2018-10-16 06:17:02,488: 
dt:     0.100000858307
Lstep:  1681
Rstep:  2081
x:      0.392417823278
y:      0.259879357875
th:     1.60004997253
status: State.LINEAR2
linear: 
  x: 0.2
  y: 0.0
  z: 0.0
angular: 
  x: 0.0
  y: 0.0
  z: 0.0
[rosout][INFO] 2018-10-16 06:17:02,588: 
dt:     0.100027084351
Lstep:  1738
Rstep:  2138
x:      0.391832675368
y:      0.27987621528
th:     1.60004997253
status: State.LINEAR2
linear: 
  x: 0.2
  y: 0.0
  z: 0.0
angular: 
  x: 0.0
  y: 0.0
  z: 0.0
[rosout][INFO] 2018-10-16 06:17:02,688: 
dt:     0.0999929904938
Lstep:  1795
Rstep:  2195
x:      0.391247726903
y:      0.299866256831
th:     1.60004997253
status: State.LINEAR2
linear: 
  x: 0.2
  y: 0.0
  z: 0.0
angular: 
  x: 0.0
  y: 0.0
  z: 0.0
[rosout][INFO] 2018-10-16 06:17:02,788: 
dt:     0.0999808311462
Lstep:  1852
Rstep:  2252
x:      0.390662849569
y:      0.319853867553
th:     1.60004997253
status: State.LINEAR2
linear: 
  x: 0.2
  y: 0.0
  z: 0.0
angular: 
  x: 0.0
  y: 0.0
  z: 0.0
[rosout][INFO] 2018-10-16 06:17:02,888: 
dt:     0.100001096725
Lstep:  1909
Rstep:  2309
x:      0.390077853683
y:      0.339845529657
th:     1.60004997253
status: State.LINEAR2
linear: 
  x: 0.2
  y: 0.0
  z: 0.0
angular: 
  x: 0.0
  y: 0.0
  z: 0.0
[rosout][INFO] 2018-10-16 06:17:02,988: 
dt:     0.0999939441681
Lstep:  1966
Rstep:  2366
x:      0.38949289964
y:      0.359835761861
th:     1.60004997253
status: State.LINEAR2
linear: 
  x: 0.2
  y: 0.0
  z: 0.0
angular: 
  x: 0.0
  y: 0.0
  z: 0.0
[rosout][INFO] 2018-10-16 06:17:03,088: 
dt:     0.100038051605
Lstep:  2023
Rstep:  2423
x:      0.388907687572
y:      0.379834811778
th:     1.60004997253
status: State.LINEAR2
linear: 
  x: 0.2
  y: 0.0
  z: 0.0
angular: 
  x: 0.0
  y: 0.0
  z: 0.0
[rosout][INFO] 2018-10-16 06:17:03,188: 
dt:     0.0999789237976
Lstep:  2080
Rstep:  2480
x:      0.388322821396
y:      0.399822041194
th:     1.60004997253
status: State.LINEAR2
linear: 
  x: 0.2
  y: 0.0
  z: 0.0
angular: 
  x: 0.0
  y: 0.0
  z: 0.0
[rosout][INFO] 2018-10-16 06:17:03,288: 
dt:     0.0999941825867
Lstep:  2105
Rstep:  2455
x:      0.388322821396
y:      0.399822041194
th:     1.40006160736
status: State.TURN2
linear: 
  x: 0.0
  y: 0.0
  z: 0.0
angular: 
  x: 0.0
  y: 0.0
  z: -2.0
[rosout][INFO] 2018-10-16 06:17:03,388: 
dt:     0.100016832352
Lstep:  2130
Rstep:  2430
x:      0.388322821396
y:      0.399822041194
th:     1.20002794266
status: State.TURN2
linear: 
  x: 0.0
  y: 0.0
  z: 0.0
angular: 
  x: 0.0
  y: 0.0
  z: -2.0
[rosout][INFO] 2018-10-16 06:17:03,488: 
dt:     0.100023984909
Lstep:  2155
Rstep:  2405
x:      0.388322821396
y:      0.399822041194
th:     0.999979972839
status: State.TURN2
linear: 
  x: 0.0
  y: 0.0
  z: 0.0
angular: 
  x: 0.0
  y: 0.0
  z: -2.0
[rosout][INFO] 2018-10-16 06:17:03,588: 
dt:     0.0999979972839
Lstep:  2180
Rstep:  2380
x:      0.388322821396
y:      0.399822041194
th:     0.799983978271
status: State.TURN2
linear: 
  x: 0.0
  y: 0.0
  z: 0.0
angular: 
  x: 0.0
  y: 0.0
  z: -2.0
[rosout][INFO] 2018-10-16 06:17:03,688: 
dt:     0.100004196167
Lstep:  2205
Rstep:  2355
x:      0.388322821396
y:      0.399822041194
th:     0.599975585938
status: State.TURN2
linear: 
  x: 0.0
  y: 0.0
  z: 0.0
angular: 
  x: 0.0
  y: 0.0
  z: -2.0
[rosout][INFO] 2018-10-16 06:17:03,788: 
dt:     0.0999748706818
Lstep:  2230
Rstep:  2330
x:      0.388322821396
y:      0.399822041194
th:     0.400025844574
status: State.TURN2
linear: 
  x: 0.0
  y: 0.0
  z: 0.0
angular: 
  x: 0.0
  y: 0.0
  z: -2.0
[rosout][INFO] 2018-10-16 06:17:03,888: 
dt:     0.100005149841
Lstep:  2255
Rstep:  2305
x:      0.388322821396
y:      0.399822041194
th:     0.200015544891
status: State.TURN2
linear: 
  x: 0.0
  y: 0.0
  z: 0.0
angular: 
  x: 0.0
  y: 0.0
  z: -2.0
[rosout][INFO] 2018-10-16 06:17:03,988: 
dt:     0.0999779701233
Lstep:  2280
Rstep:  2280
x:      0.388322821396
y:      0.399822041194
th:     5.96046447754e-05
status: State.TURN2
linear: 
  x: 0.0
  y: 0.0
  z: 0.0
angular: 
  x: 0.0
  y: 0.0
  z: -2.0
[rosout][INFO] 2018-10-16 06:17:04,088: 
dt:     0.100051879883
Lstep:  2337
Rstep:  2337
x:      0.408333197337
y:      0.399823233905
th:     5.96046447754e-05
status: State.LINEAR3
linear: 
  x: 0.2
  y: 0.0
  z: 0.0
angular: 
  x: 0.0
  y: 0.0
  z: 0.0
[rosout][INFO] 2018-10-16 06:17:04,188: 
dt:     0.0999910831451
Lstep:  2394
Rstep:  2394
x:      0.42833141393
y:      0.399824425892
th:     5.96046447754e-05
status: State.LINEAR3
linear: 
  x: 0.2
  y: 0.0
  z: 0.0
angular: 
  x: 0.0
  y: 0.0
  z: 0.0
[rosout][INFO] 2018-10-16 06:17:04,288: 
dt:     0.0999858379364
Lstep:  2451
Rstep:  2451
x:      0.448328581482
y:      0.399825617816
th:     5.96046447754e-05
status: State.LINEAR3
linear: 
  x: 0.2
  y: 0.0
  z: 0.0
angular: 
  x: 0.0
  y: 0.0
  z: 0.0
[rosout][INFO] 2018-10-16 06:17:04,388: 
dt:     0.100006103516
Lstep:  2508
Rstep:  2508
x:      0.468329802149
y:      0.399826809981
th:     5.96046447754e-05
status: State.LINEAR3
linear: 
  x: 0.2
  y: 0.0
  z: 0.0
angular: 
  x: 0.0
  y: 0.0
  z: 0.0
[rosout][INFO] 2018-10-16 06:17:04,488: 
dt:     0.0999979972839
Lstep:  2565
Rstep:  2565
x:      0.488329401571
y:      0.399828002051
th:     5.96046447754e-05
status: State.LINEAR3
linear: 
  x: 0.2
  y: 0.0
  z: 0.0
angular: 
  x: 0.0
  y: 0.0
  z: 0.0
[rosout][INFO] 2018-10-16 06:17:04,588: 
dt:     0.0999319553375
Lstep:  2622
Rstep:  2622
x:      0.508315792603
y:      0.399829193332
th:     5.96046447754e-05
status: State.LINEAR3
linear: 
  x: 0.2
  y: 0.0
  z: 0.0
angular: 
  x: 0.0
  y: 0.0
  z: 0.0
[rosout][INFO] 2018-10-16 06:17:04,688: 
dt:     0.100069046021
Lstep:  2679
Rstep:  2679
x:      0.528329601771
y:      0.399830386248
th:     5.96046447754e-05
status: State.LINEAR3
linear: 
  x: 0.2
  y: 0.0
  z: 0.0
angular: 
  x: 0.0
  y: 0.0
  z: 0.0
[rosout][INFO] 2018-10-16 06:17:04,788: 
dt:     0.0999269485474
Lstep:  2736
Rstep:  2736
x:      0.548314991445
y:      0.39983157747
th:     5.96046447754e-05
status: State.LINEAR3
linear: 
  x: 0.2
  y: 0.0
  z: 0.0
angular: 
  x: 0.0
  y: 0.0
  z: 0.0
[rosout][INFO] 2018-10-16 06:17:04,888: 
dt:     0.100057125092
Lstep:  2793
Rstep:  2793
x:      0.568326416428
y:      0.399832770244
th:     5.96046447754e-05
status: State.LINEAR3
linear: 
  x: 0.2
  y: 0.0
  z: 0.0
angular: 
  x: 0.0
  y: 0.0
  z: 0.0
[rosout][INFO] 2018-10-16 06:17:04,988: 
dt:     0.0999529361725
Lstep:  2850
Rstep:  2850
x:      0.588317003627
y:      0.399833961776
th:     5.96046447754e-05
status: State.LINEAR3
linear: 
  x: 0.2
  y: 0.0
  z: 0.0
angular: 
  x: 0.0
  y: 0.0
  z: 0.0
[rosout][INFO] 2018-10-16 06:17:05,088: 
dt:     0.100030899048
Lstep:  2907
Rstep:  2907
x:      0.608323183401
y:      0.399835154237
th:     5.96046447754e-05
status: State.LINEAR3
linear: 
  x: 0.2
  y: 0.0
  z: 0.0
angular: 
  x: 0.0
  y: 0.0
  z: 0.0
[rosout][INFO] 2018-10-16 06:17:05,188: 
dt:     0.100010156631
Lstep:  2964
Rstep:  2964
x:      0.628325214692
y:      0.399836346451
th:     5.96046447754e-05
status: State.LINEAR3
linear: 
  x: 0.2
  y: 0.0
  z: 0.0
angular: 
  x: 0.0
  y: 0.0
  z: 0.0
[rosout][INFO] 2018-10-16 06:17:05,288: 
dt:     0.100008964539
Lstep:  3021
Rstep:  3021
x:      0.648327007564
y:      0.399837538651
th:     5.96046447754e-05
status: State.LINEAR3
linear: 
  x: 0.2
  y: 0.0
  z: 0.0
angular: 
  x: 0.0
  y: 0.0
  z: 0.0
[rosout][INFO] 2018-10-16 06:17:05,388: 
dt:     0.100008964539
Lstep:  3078
Rstep:  3078
x:      0.668328800436
y:      0.399838730851
th:     5.96046447754e-05
status: State.LINEAR3
linear: 
  x: 0.2
  y: 0.0
  z: 0.0
angular: 
  x: 0.0
  y: 0.0
  z: 0.0
[rosout][INFO] 2018-10-16 06:17:05,488: 
dt:     0.0999870300293
Lstep:  3135
Rstep:  3135
x:      0.688326206406
y:      0.399839922789
th:     5.96046447754e-05
status: State.LINEAR3
linear: 
  x: 0.2
  y: 0.0
  z: 0.0
angular: 
  x: 0.0
  y: 0.0
  z: 0.0
[rosout][INFO] 2018-10-16 06:17:05,588: 
dt:     0.100033998489
Lstep:  3192
Rstep:  3192
x:      0.708333006069
y:      0.399841115287
th:     5.96046447754e-05
status: State.LINEAR3
linear: 
  x: 0.2
  y: 0.0
  z: 0.0
angular: 
  x: 0.0
  y: 0.0
  z: 0.0
[rosout][INFO] 2018-10-16 06:17:05,688: 
dt:     0.0999751091003
Lstep:  3249
Rstep:  3249
x:      0.728328027853
y:      0.399842307083
th:     5.96046447754e-05
status: State.LINEAR3
linear: 
  x: 0.2
  y: 0.0
  z: 0.0
angular: 
  x: 0.0
  y: 0.0
  z: 0.0
[rosout][INFO] 2018-10-16 06:17:05,788: 
dt:     0.100014925003
Lstep:  3306
Rstep:  3306
x:      0.748331012818
y:      0.399843499354
th:     5.96046447754e-05
status: State.LINEAR3
linear: 
  x: 0.2
  y: 0.0
  z: 0.0
angular: 
  x: 0.0
  y: 0.0
  z: 0.0
[rosout][INFO] 2018-10-16 06:17:05,888: 
dt:     0.0999720096588
Lstep:  3363
Rstep:  3363
x:      0.768325414715
y:      0.399844691113
th:     5.96046447754e-05
status: State.LINEAR3
linear: 
  x: 0.2
  y: 0.0
  z: 0.0
angular: 
  x: 0.0
  y: 0.0
  z: 0.0
[rosout][INFO] 2018-10-16 06:17:05,988: 
dt:     0.10000705719
Lstep:  3420
Rstep:  3420
x:      0.788326826117
y:      0.39984588329
th:     5.96046447754e-05
status: State.LINEAR3
linear: 
  x: 0.2
  y: 0.0
  z: 0.0
angular: 
  x: 0.0
  y: 0.0
  z: 0.0
[rosout][INFO] 2018-10-16 06:17:06,088: 
dt:     0.100004911423
Lstep:  3445
Rstep:  3395
x:      0.788326826117
y:      0.39984588329
th:     -0.199950218201
status: State.TURN3
linear: 
  x: 0.0
  y: 0.0
  z: 0.0
angular: 
  x: 0.0
  y: 0.0
  z: -2.0
[rosout][INFO] 2018-10-16 06:17:06,188: 
dt:     0.100005865097
Lstep:  3470
Rstep:  3370
x:      0.788326826117
y:      0.39984588329
th:     -0.399961948395
status: State.TURN3
linear: 
  x: 0.0
  y: 0.0
  z: 0.0
angular: 
  x: 0.0
  y: 0.0
  z: -2.0
[rosout][INFO] 2018-10-16 06:17:06,288: 
dt:     0.0999841690063
Lstep:  3495
Rstep:  3345
x:      0.788326826117
y:      0.39984588329
th:     -0.599930286407
status: State.TURN3
linear: 
  x: 0.0
  y: 0.0
  z: 0.0
angular: 
  x: 0.0
  y: 0.0
  z: -2.0
[rosout][INFO] 2018-10-16 06:17:06,388: 
dt:     0.0999989509583
Lstep:  3520
Rstep:  3320
x:      0.788326826117
y:      0.39984588329
th:     -0.799928188324
status: State.TURN3
linear: 
  x: 0.0
  y: 0.0
  z: 0.0
angular: 
  x: 0.0
  y: 0.0
  z: -2.0
[rosout][INFO] 2018-10-16 06:17:06,488: 
dt:     0.100001096725
Lstep:  3545
Rstep:  3295
x:      0.788326826117
y:      0.39984588329
th:     -0.999930381775
status: State.TURN3
linear: 
  x: 0.0
  y: 0.0
  z: 0.0
angular: 
  x: 0.0
  y: 0.0
  z: -2.0
[rosout][INFO] 2018-10-16 06:17:06,588: 
dt:     0.100078821182
Lstep:  3570
Rstep:  3270
x:      0.788326826117
y:      0.39984588329
th:     -1.20008802414
status: State.TURN3
linear: 
  x: 0.0
  y: 0.0
  z: 0.0
angular: 
  x: 0.0
  y: 0.0
  z: -2.0
[rosout][INFO] 2018-10-16 06:17:06,688: 
dt:     0.0999159812927
Lstep:  3595
Rstep:  3245
x:      0.788326826117
y:      0.39984588329
th:     -1.39991998672
status: State.TURN3
linear: 
  x: 0.0
  y: 0.0
  z: 0.0
angular: 
  x: 0.0
  y: 0.0
  z: -2.0
[rosout][INFO] 2018-10-16 06:17:06,788: 
dt:     0.100014209747
Lstep:  3620
Rstep:  3220
x:      0.788326826117
y:      0.39984588329
th:     -1.59994840622
status: State.TURN3
linear: 
  x: 0.0
  y: 0.0
  z: 0.0
angular: 
  x: 0.0
  y: 0.0
  z: -2.0
[rosout][INFO] 2018-10-16 06:17:06,888: 
dt:     0.100017786026
Lstep:  3677
Rstep:  3277
x:      0.787743763422
y:      0.379850825432
th:     -1.59994840622
status: State.LINEAR4
linear: 
  x: 0.2
  y: 0.0
  z: 0.0
angular: 
  x: 0.0
  y: 0.0
  z: 0.0
[rosout][INFO] 2018-10-16 06:17:06,988: 
dt:     0.0999441146851
Lstep:  3734
Rstep:  3334
x:      0.787161130201
y:      0.359870495582
th:     -1.59994840622
status: State.LINEAR4
linear: 
  x: 0.2
  y: 0.0
  z: 0.0
angular: 
  x: 0.0
  y: 0.0
  z: 0.0
[rosout][INFO] 2018-10-16 06:17:07,088: 
dt:     0.100048065186
Lstep:  3791
Rstep:  3391
x:      0.786577890991
y:      0.339869384465
th:     -1.59994840622
status: State.LINEAR4
linear: 
  x: 0.2
  y: 0.0
  z: 0.0
angular: 
  x: 0.0
  y: 0.0
  z: 0.0
[rosout][INFO] 2018-10-16 06:17:07,188: 
dt:     0.0999808311462
Lstep:  3848
Rstep:  3448
x:      0.785995043728
y:      0.319881714442
th:     -1.59994840622
status: State.LINEAR4
linear: 
  x: 0.2
  y: 0.0
  z: 0.0
angular: 
  x: 0.0
  y: 0.0
  z: 0.0
[rosout][INFO] 2018-10-16 06:17:07,288: 
dt:     0.100035190582
Lstep:  3905
Rstep:  3505
x:      0.785411879572
y:      0.299883177151
th:     -1.59994840622
status: State.LINEAR4
linear: 
  x: 0.2
  y: 0.0
  z: 0.0
angular: 
  x: 0.0
  y: 0.0
  z: 0.0
[rosout][INFO] 2018-10-16 06:17:07,388: 
dt:     0.0999917984009
Lstep:  3962
Rstep:  3562
x:      0.784828968374
y:      0.27989331461
th:     -1.59994840622
status: State.LINEAR4
linear: 
  x: 0.2
  y: 0.0
  z: 0.0
angular: 
  x: 0.0
  y: 0.0
  z: 0.0
[rosout][INFO] 2018-10-16 06:17:07,488: 
dt:     0.0999991893768
Lstep:  4019
Rstep:  3619
x:      0.78424601409
y:      0.259901974501
th:     -1.59994840622
status: State.LINEAR4
linear: 
  x: 0.2
  y: 0.0
  z: 0.0
angular: 
  x: 0.0
  y: 0.0
  z: 0.0
[rosout][INFO] 2018-10-16 06:17:07,588: 
dt:     0.0999848842621
Lstep:  4076
Rstep:  3676
x:      0.783663143199
y:      0.2399134942
th:     -1.59994840622
status: State.LINEAR4
linear: 
  x: 0.2
  y: 0.0
  z: 0.0
angular: 
  x: 0.0
  y: 0.0
  z: 0.0
[rosout][INFO] 2018-10-16 06:17:07,688: 
dt:     0.100048065186
Lstep:  4133
Rstep:  3733
x:      0.783079903989
y:      0.219912383082
th:     -1.59994840622
status: State.LINEAR4
linear: 
  x: 0.2
  y: 0.0
  z: 0.0
angular: 
  x: 0.0
  y: 0.0
  z: 0.0
[rosout][INFO] 2018-10-16 06:17:07,788: 
dt:     0.099958896637
Lstep:  4190
Rstep:  3790
x:      0.782497184595
y:      0.199929098098
th:     -1.59994840622
status: State.LINEAR4
linear: 
  x: 0.2
  y: 0.0
  z: 0.0
angular: 
  x: 0.0
  y: 0.0
  z: 0.0
[rosout][INFO] 2018-10-16 06:17:07,888: 
dt:     0.100001096725
Lstep:  4247
Rstep:  3847
x:      0.781914219192
y:      0.179937376681
th:     -1.59994840622
status: State.LINEAR4
linear: 
  x: 0.2
  y: 0.0
  z: 0.0
angular: 
  x: 0.0
  y: 0.0
  z: 0.0
[rosout][INFO] 2018-10-16 06:17:07,988: 
dt:     0.0999970436096
Lstep:  4304
Rstep:  3904
x:      0.781331277417
y:      0.159946465544
th:     -1.59994840622
status: State.LINEAR4
linear: 
  x: 0.2
  y: 0.0
  z: 0.0
angular: 
  x: 0.0
  y: 0.0
  z: 0.0
[rosout][INFO] 2018-10-16 06:17:08,088: 
dt:     0.0999929904938
Lstep:  4361
Rstep:  3961
x:      0.78074835927
y:      0.139956364685
th:     -1.59994840622
status: State.LINEAR4
linear: 
  x: 0.2
  y: 0.0
  z: 0.0
angular: 
  x: 0.0
  y: 0.0
  z: 0.0
[rosout][INFO] 2018-10-16 06:17:08,188: 
dt:     0.100023984909
Lstep:  4418
Rstep:  4018
x:      0.780165260438
y:      0.119960067577
th:     -1.59994840622
status: State.LINEAR4
linear: 
  x: 0.2
  y: 0.0
  z: 0.0
angular: 
  x: 0.0
  y: 0.0
  z: 0.0
[rosout][INFO] 2018-10-16 06:17:08,288: 
dt:     0.0999798774719
Lstep:  4475
Rstep:  4075
x:      0.779582418735
y:      0.0999725882077
th:     -1.59994840622
status: State.LINEAR4
linear: 
  x: 0.2
  y: 0.0
  z: 0.0
angular: 
  x: 0.0
  y: 0.0
  z: 0.0
[rosout][INFO] 2018-10-16 06:17:08,388: 
dt:     0.100013017654
Lstep:  4532
Rstep:  4132
x:      0.778999383837
y:      0.0799784836185
th:     -1.59994840622
status: State.LINEAR4
linear: 
  x: 0.2
  y: 0.0
  z: 0.0
angular: 
  x: 0.0
  y: 0.0
  z: 0.0
[rosout][INFO] 2018-10-16 06:17:08,488: 
dt:     0.0999760627747
Lstep:  4589
Rstep:  4189
x:      0.778416564372
y:      0.059991766865
th:     -1.59994840622
status: State.LINEAR4
linear: 
  x: 0.2
  y: 0.0
  z: 0.0
angular: 
  x: 0.0
  y: 0.0
  z: 0.0
[rosout][INFO] 2018-10-16 06:17:08,588: 
dt:     0.0999579429626
Lstep:  4646
Rstep:  4246
x:      0.777833850538
y:      0.040008672534
th:     -1.59994840622
status: State.LINEAR4
linear: 
  x: 0.2
  y: 0.0
  z: 0.0
angular: 
  x: 0.0
  y: 0.0
  z: 0.0
[rosout][INFO] 2018-10-16 06:17:08,688: 
dt:     0.099995136261
Lstep:  4703
Rstep:  4303
x:      0.777250919882
y:      0.020018142704
th:     -1.59994840622
status: State.LINEAR4
linear: 
  x: 0.2
  y: 0.0
  z: 0.0
angular: 
  x: 0.0
  y: 0.0
  z: 0.0
[rosout][INFO] 2018-10-16 06:17:08,788: 
dt:     0.100088834763
Lstep:  4760
Rstep:  4360
x:      0.776667443002
y:      8.88113601972e-06
th:     -1.59994840622
status: State.LINEAR4
linear: 
  x: 0.2
  y: 0.0
  z: 0.0
angular: 
  x: 0.0
  y: 0.0
  z: 0.0
[rosout][INFO] 2018-10-16 06:17:08,888: 
dt:     0.0999369621277
Lstep:  4735
Rstep:  4385
x:      0.776667443002
y:      8.88113601972e-06
th:     -1.40007448196
status: State.TURN4
linear: 
  x: 0.0
  y: 0.0
  z: 0.0
angular: 
  x: 0.0
  y: 0.0
  z: 2.0
[rosout][INFO] 2018-10-16 06:17:08,988: 
dt:     0.100095033646
Lstep:  4710
Rstep:  4410
x:      0.776667443002
y:      8.88113601972e-06
th:     -1.19988441467
status: State.TURN4
linear: 
  x: 0.0
  y: 0.0
  z: 0.0
angular: 
  x: 0.0
  y: 0.0
  z: 2.0
[rosout][INFO] 2018-10-16 06:17:09,088: 
dt:     0.0998911857605
Lstep:  4685
Rstep:  4435
x:      0.776667443002
y:      8.88113601972e-06
th:     -1.00010204315
status: State.TURN4
linear: 
  x: 0.0
  y: 0.0
  z: 0.0
angular: 
  x: 0.0
  y: 0.0
  z: 2.0
[rosout][INFO] 2018-10-16 06:17:09,188: 
dt:     0.100064992905
Lstep:  4660
Rstep:  4460
x:      0.776667443002
y:      8.88113601972e-06
th:     -0.799972057343
status: State.TURN4
linear: 
  x: 0.0
  y: 0.0
  z: 0.0
angular: 
  x: 0.0
  y: 0.0
  z: 2.0
[rosout][INFO] 2018-10-16 06:17:09,288: 
dt:     0.100013017654
Lstep:  4635
Rstep:  4485
x:      0.776667443002
y:      8.88113601972e-06
th:     -0.599946022034
status: State.TURN4
linear: 
  x: 0.0
  y: 0.0
  z: 0.0
angular: 
  x: 0.0
  y: 0.0
  z: 2.0
[rosout][INFO] 2018-10-16 06:17:09,388: 
dt:     0.0999758243561
Lstep:  4610
Rstep:  4510
x:      0.776667443002
y:      8.88113601972e-06
th:     -0.399994373322
status: State.TURN4
linear: 
  x: 0.0
  y: 0.0
  z: 0.0
angular: 
  x: 0.0
  y: 0.0
  z: 2.0
[rosout][INFO] 2018-10-16 06:17:09,488: 
dt:     0.100005149841
Lstep:  4585
Rstep:  4535
x:      0.776667443002
y:      8.88113601972e-06
th:     -0.199984073639
status: State.TURN4
linear: 
  x: 0.0
  y: 0.0
  z: 0.0
angular: 
  x: 0.0
  y: 0.0
  z: 2.0
[rosout][INFO] 2018-10-16 06:17:09,588: 
dt:     0.0999839305878
Lstep:  4560
Rstep:  4560
x:      0.776667443002
y:      8.88113601972e-06
th:     -1.62124633789e-05
status: State.TURN4
linear: 
  x: 0.0
  y: 0.0
  z: 0.0
angular: 
  x: 0.0
  y: 0.0
  z: 2.0
[rosout][INFO] 2018-10-16 06:17:09,688: 
dt:     0.100041866302
Lstep:  4560
Rstep:  4560
x:      0.776667443002
y:      8.88113601972e-06
th:     -1.62124633789e-05
status: State.STOP
linear: 
  x: 0.0
  y: 0.0
  z: 0.0
angular: 
  x: 0.0
  y: 0.0
  z: 0.0
[rosout][INFO] 2018-10-16 06:17:09,788: 
dt:     0.0999782085419
Lstep:  4560
Rstep:  4560
x:      0.776667443002
y:      8.88113601972e-06
th:     -1.62124633789e-05
status: State.STOP
linear: 
  x: 0.0
  y: 0.0
  z: 0.0
angular: 
  x: 0.0
  y: 0.0
  z: 0.0
[rosout][INFO] 2018-10-16 06:17:09,888: 
dt:     0.100098848343
Lstep:  4560
Rstep:  4560
x:      0.776667443002
y:      8.88113601972e-06
th:     -1.62124633789e-05
status: State.STOP
linear: 
  x: 0.0
  y: 0.0
  z: 0.0
angular: 
  x: 0.0
  y: 0.0
  z: 0.0
[rosout][INFO] 2018-10-16 06:17:09,988: 
dt:     0.0998480319977
Lstep:  4560
Rstep:  4560
x:      0.776667443002
y:      8.88113601972e-06
th:     -1.62124633789e-05
status: State.STOP
linear: 
  x: 0.0
  y: 0.0
  z: 0.0
angular: 
  x: 0.0
  y: 0.0
  z: 0.0
[rosout][INFO] 2018-10-16 06:17:10,088: 
dt:     0.100001096725
Lstep:  4560
Rstep:  4560
x:      0.776667443002
y:      8.88113601972e-06
th:     -1.62124633789e-05
status: State.STOP
linear: 
  x: 0.0
  y: 0.0
  z: 0.0
angular: 
  x: 0.0
  y: 0.0
  z: 0.0
[rosout][INFO] 2018-10-16 06:17:10,188: 
dt:     0.100065946579
Lstep:  4560
Rstep:  4560
x:      0.776667443002
y:      8.88113601972e-06
th:     -1.62124633789e-05
status: State.STOP
linear: 
  x: 0.0
  y: 0.0
  z: 0.0
angular: 
  x: 0.0
  y: 0.0
  z: 0.0
[rosout][INFO] 2018-10-16 06:17:10,288: 
dt:     0.0999748706818
Lstep:  4560
Rstep:  4560
x:      0.776667443002
y:      8.88113601972e-06
th:     -1.62124633789e-05
status: State.STOP
linear: 
  x: 0.0
  y: 0.0
  z: 0.0
angular: 
  x: 0.0
  y: 0.0
  z: 0.0
[rosout][INFO] 2018-10-16 06:17:10,388: 
dt:     0.10002207756
Lstep:  4560
Rstep:  4560
x:      0.776667443002
y:      8.88113601972e-06
th:     -1.62124633789e-05
status: State.STOP
linear: 
  x: 0.0
  y: 0.0
  z: 0.0
angular: 
  x: 0.0
  y: 0.0
  z: 0.0
[rospy.core][INFO] 2018-10-16 06:17:10,423: signal_shutdown [signal-2]
[rospy.internal][ERROR] 2018-10-16 06:17:10,536: Unable to initiate TCP/IP socket to ubuntu:34900 (http://ubuntu:34242/): Traceback (most recent call last):
  File "/opt/ros/kinetic/lib/python2.7/dist-packages/rospy/impl/tcpros_base.py", line 557, in connect
    self.read_header()
  File "/opt/ros/kinetic/lib/python2.7/dist-packages/rospy/impl/tcpros_base.py", line 650, in read_header
    self._validate_header(read_ros_handshake_header(sock, self.read_buff, self.protocol.buff_size))
  File "/opt/ros/kinetic/lib/python2.7/dist-packages/rospy/impl/tcpros_base.py", line 593, in _validate_header
    raise TransportInitError("remote error reported: %s"%header['error'])
TransportInitError: remote error reported: node shutting down

[rospy.internal][INFO] 2018-10-16 06:17:10,546: topic[/rosout] removing connection to /rosout
[rospy.internal][INFO] 2018-10-16 06:17:10,549: topic[/cmd_vel] removing connection to /motors
[rospy.internal][WARNING] 2018-10-16 06:17:10,551: Unknown error initiating TCP/IP socket to ubuntu:36875 (http://ubuntu:41486/): Traceback (most recent call last):
  File "/opt/ros/kinetic/lib/python2.7/dist-packages/rospy/impl/tcpros_base.py", line 557, in connect
    self.read_header()
  File "/opt/ros/kinetic/lib/python2.7/dist-packages/rospy/impl/tcpros_base.py", line 650, in read_header
    self._validate_header(read_ros_handshake_header(sock, self.read_buff, self.protocol.buff_size))
  File "/opt/ros/kinetic/lib/python2.7/dist-packages/rosgraph/network.py", line 364, in read_ros_handshake_header
    raise ROSHandshakeException("connection from sender terminated before handshake header received. %s bytes were received. Please check sender for additional details."%b.tell())
ROSHandshakeException: connection from sender terminated before handshake header received. 0 bytes were received. Please check sender for additional details.

[rospy.internal][INFO] 2018-10-16 06:17:10,552: topic[/switchs] removing connection to http://ubuntu:34242/
[rospy.internal][INFO] 2018-10-16 06:17:10,553: topic[/lightsensors] removing connection to http://ubuntu:41486/
[rospy.impl.masterslave][INFO] 2018-10-16 06:17:10,554: signal-2
[rospy.core][INFO] 2018-10-16 06:17:11,072: signal_shutdown [atexit]
